{"C:\\Users\\Nikola\\Desktop\\travel-api\\src\\app.ts": {"path":"C:\\Users\\Nikola\\Desktop\\travel-api\\src\\app.ts","statementMap":{"0":{"start":{"line":1,"column":0},"end":{"line":1,"column":30}},"1":{"start":{"line":2,"column":0},"end":{"line":2,"column":39}},"2":{"start":{"line":3,"column":0},"end":{"line":3,"column":54}},"3":{"start":{"line":4,"column":0},"end":{"line":4,"column":43}},"4":{"start":{"line":6,"column":12},"end":{"line":6,"column":21}},"5":{"start":{"line":20,"column":9},"end":{"line":20,"column":12}},"6":{"start":{"line":7,"column":0},"end":{"line":7,"column":24}},"7":{"start":{"line":9,"column":0},"end":{"line":14,"column":2}},"8":{"start":{"line":16,"column":0},"end":{"line":16,"column":36}},"9":{"start":{"line":18,"column":0},"end":{"line":18,"column":25}}},"fnMap":{},"branchMap":{},"s":{"0":1,"1":1,"2":1,"3":1,"4":1,"5":1,"6":1,"7":1,"8":1,"9":1},"f":{},"b":{}}
,"C:\\Users\\Nikola\\Desktop\\travel-api\\src\\controllers\\auth.ts": {"path":"C:\\Users\\Nikola\\Desktop\\travel-api\\src\\controllers\\auth.ts","statementMap":{"0":{"start":{"line":2,"column":0},"end":{"line":2,"column":68}},"1":{"start":{"line":3,"column":0},"end":{"line":3,"column":38}},"2":{"start":{"line":4,"column":0},"end":{"line":4,"column":31}},"3":{"start":{"line":5,"column":0},"end":{"line":5,"column":48}},"4":{"start":{"line":7,"column":21},"end":{"line":38,"column":2}},"5":{"start":{"line":11,"column":4},"end":{"line":38,"column":2}},"6":{"start":{"line":12,"column":2},"end":{"line":37,"column":null}},"7":{"start":{"line":13,"column":32},"end":{"line":13,"column":40}},"8":{"start":{"line":14,"column":25},"end":{"line":14,"column":54}},"9":{"start":{"line":15,"column":4},"end":{"line":20,"column":null}},"10":{"start":{"line":19,"column":6},"end":{"line":19,"column":59}},"11":{"start":{"line":22,"column":20},"end":{"line":27,"column":null}},"12":{"start":{"line":30,"column":4},"end":{"line":32,"column":6}},"13":{"start":{"line":34,"column":4},"end":{"line":34,"column":39}},"14":{"start":{"line":36,"column":4},"end":{"line":36,"column":16}},"15":{"start":{"line":7,"column":13},"end":{"line":7,"column":21}},"16":{"start":{"line":40,"column":24},"end":{"line":72,"column":2}},"17":{"start":{"line":44,"column":4},"end":{"line":72,"column":2}},"18":{"start":{"line":45,"column":2},"end":{"line":71,"column":null}},"19":{"start":{"line":46,"column":55},"end":{"line":46,"column":63}},"20":{"start":{"line":47,"column":25},"end":{"line":47,"column":54}},"21":{"start":{"line":48,"column":4},"end":{"line":50,"column":null}},"22":{"start":{"line":49,"column":6},"end":{"line":49,"column":52}},"23":{"start":{"line":51,"column":4},"end":{"line":53,"column":null}},"24":{"start":{"line":52,"column":6},"end":{"line":52,"column":60}},"25":{"start":{"line":54,"column":17},"end":{"line":54,"column":71}},"26":{"start":{"line":55,"column":4},"end":{"line":55,"column":22}},"27":{"start":{"line":57,"column":20},"end":{"line":62,"column":null}},"28":{"start":{"line":64,"column":4},"end":{"line":66,"column":6}},"29":{"start":{"line":68,"column":4},"end":{"line":68,"column":31}},"30":{"start":{"line":70,"column":4},"end":{"line":70,"column":16}},"31":{"start":{"line":40,"column":13},"end":{"line":40,"column":24}},"32":{"start":{"line":74,"column":22},"end":{"line":77,"column":2}},"33":{"start":{"line":74,"column":60},"end":{"line":77,"column":2}},"34":{"start":{"line":75,"column":2},"end":{"line":75,"column":21}},"35":{"start":{"line":76,"column":2},"end":{"line":76,"column":15}},"36":{"start":{"line":74,"column":13},"end":{"line":74,"column":22}},"37":{"start":{"line":79,"column":27},"end":{"line":85,"column":2}},"38":{"start":{"line":79,"column":65},"end":{"line":85,"column":2}},"39":{"start":{"line":80,"column":2},"end":{"line":84,"column":null}},"40":{"start":{"line":81,"column":4},"end":{"line":81,"column":28}},"41":{"start":{"line":83,"column":4},"end":{"line":83,"column":17}},"42":{"start":{"line":79,"column":13},"end":{"line":79,"column":27}}},"fnMap":{"0":{"name":"(anonymous_8)","decl":{"start":{"line":7,"column":21},"end":{"line":7,"column":null}},"loc":{"start":{"line":11,"column":4},"end":{"line":38,"column":2}}},"1":{"name":"(anonymous_9)","decl":{"start":{"line":11,"column":4},"end":{"line":11,"column":null}},"loc":{"start":{"line":11,"column":4},"end":{"line":38,"column":1}}},"2":{"name":"(anonymous_10)","decl":{"start":{"line":40,"column":24},"end":{"line":40,"column":null}},"loc":{"start":{"line":44,"column":4},"end":{"line":72,"column":2}}},"3":{"name":"(anonymous_11)","decl":{"start":{"line":44,"column":4},"end":{"line":44,"column":null}},"loc":{"start":{"line":44,"column":4},"end":{"line":72,"column":1}}},"4":{"name":"(anonymous_12)","decl":{"start":{"line":74,"column":22},"end":{"line":74,"column":29}},"loc":{"start":{"line":74,"column":60},"end":{"line":77,"column":2}}},"5":{"name":"(anonymous_13)","decl":{"start":{"line":74,"column":60},"end":{"line":74,"column":null}},"loc":{"start":{"line":74,"column":60},"end":{"line":77,"column":1}}},"6":{"name":"(anonymous_14)","decl":{"start":{"line":79,"column":27},"end":{"line":79,"column":34}},"loc":{"start":{"line":79,"column":65},"end":{"line":85,"column":2}}},"7":{"name":"(anonymous_15)","decl":{"start":{"line":79,"column":65},"end":{"line":79,"column":null}},"loc":{"start":{"line":79,"column":65},"end":{"line":85,"column":1}}}},"branchMap":{"0":{"loc":{"start":{"line":15,"column":4},"end":{"line":20,"column":null}},"type":"if","locations":[{"start":{"line":15,"column":4},"end":{"line":20,"column":null}}]},"1":{"loc":{"start":{"line":16,"column":6},"end":{"line":17,"column":64}},"type":"binary-expr","locations":[{"start":{"line":16,"column":6},"end":{"line":16,"column":19}},{"start":{"line":17,"column":6},"end":{"line":17,"column":64}}]},"2":{"loc":{"start":{"line":48,"column":4},"end":{"line":50,"column":null}},"type":"if","locations":[{"start":{"line":48,"column":4},"end":{"line":50,"column":null}}]},"3":{"loc":{"start":{"line":51,"column":4},"end":{"line":53,"column":null}},"type":"if","locations":[{"start":{"line":51,"column":4},"end":{"line":53,"column":null}}]},"4":{"loc":{"start":{"line":80,"column":2},"end":{"line":84,"column":null}},"type":"if","locations":[{"start":{"line":80,"column":2},"end":{"line":84,"column":null}},{"start":{"line":82,"column":9},"end":{"line":84,"column":null}}]},"5":{"loc":{"start":{"line":80,"column":6},"end":{"line":80,"column":22}},"type":"cond-expr","locations":[{"start":{"line":80,"column":17},"end":{"line":80,"column":19}},{"start":{"line":80,"column":17},"end":{"line":80,"column":22}}]},"6":{"loc":{"start":{"line":80,"column":6},"end":{"line":80,"column":19}},"type":"binary-expr","locations":[{"start":{"line":80,"column":6},"end":{"line":80,"column":19}},{"start":{"line":80,"column":17},"end":{"line":80,"column":19}}]}},"s":{"0":1,"1":1,"2":1,"3":1,"4":1,"5":4,"6":4,"7":4,"8":4,"9":4,"10":2,"11":2,"12":2,"13":2,"14":2,"15":1,"16":1,"17":10,"18":10,"19":10,"20":10,"21":10,"22":1,"23":9,"24":1,"25":8,"26":8,"27":8,"28":8,"29":8,"30":2,"31":1,"32":1,"33":0,"34":0,"35":0,"36":1,"37":1,"38":0,"39":0,"40":0,"41":0,"42":1},"f":{"0":4,"1":4,"2":10,"3":10,"4":0,"5":0,"6":0,"7":0},"b":{"0":[2],"1":[4,3],"2":[1],"3":[1],"4":[0,0],"5":[0,0],"6":[0,0]}}
,"C:\\Users\\Nikola\\Desktop\\travel-api\\src\\errors\\AuthenticationError.ts": {"path":"C:\\Users\\Nikola\\Desktop\\travel-api\\src\\errors\\AuthenticationError.ts","statementMap":{"0":{"start":{"line":1,"column":0},"end":{"line":1,"column":44}},"1":{"start":{"line":6,"column":4},"end":{"line":6,"column":15}},"2":{"start":{"line":4,"column":2},"end":{"line":4,"column":19}},"3":{"start":{"line":7,"column":4},"end":{"line":7,"column":63}},"4":{"start":{"line":10,"column":4},"end":{"line":10,"column":39}},"5":{"start":{"line":3,"column":0},"end":{"line":3,"column":13}}},"fnMap":{"0":{"name":"(anonymous_0)","decl":{"start":{"line":5,"column":2},"end":{"line":5,"column":14}},"loc":{"start":{"line":5,"column":25},"end":{"line":8,"column":3}}},"1":{"name":"(anonymous_1)","decl":{"start":{"line":9,"column":2},"end":{"line":9,"column":17}},"loc":{"start":{"line":9,"column":17},"end":{"line":11,"column":3}}}},"branchMap":{},"s":{"0":1,"1":4,"2":4,"3":4,"4":4,"5":1},"f":{"0":4,"1":4},"b":{}}
,"C:\\Users\\Nikola\\Desktop\\travel-api\\src\\errors\\CustomError.ts": {"path":"C:\\Users\\Nikola\\Desktop\\travel-api\\src\\errors\\CustomError.ts","statementMap":{"0":{"start":{"line":5,"column":4},"end":{"line":5,"column":19}},"1":{"start":{"line":7,"column":4},"end":{"line":7,"column":55}},"2":{"start":{"line":1,"column":0},"end":{"line":1,"column":22}}},"fnMap":{"0":{"name":"(anonymous_0)","decl":{"start":{"line":4,"column":2},"end":{"line":4,"column":14}},"loc":{"start":{"line":4,"column":29},"end":{"line":8,"column":3}}}},"branchMap":{},"s":{"0":6,"1":6,"2":1},"f":{"0":6},"b":{}}
,"C:\\Users\\Nikola\\Desktop\\travel-api\\src\\errors\\RequestValidationError.ts": {"path":"C:\\Users\\Nikola\\Desktop\\travel-api\\src\\errors\\RequestValidationError.ts","statementMap":{"0":{"start":{"line":1,"column":0},"end":{"line":1,"column":44}},"1":{"start":{"line":11,"column":4},"end":{"line":11,"column":40}},"2":{"start":{"line":10,"column":21},"end":{"line":10,"column":46}},"3":{"start":{"line":9,"column":2},"end":{"line":9,"column":19}},"4":{"start":{"line":13,"column":4},"end":{"line":13,"column":66}},"5":{"start":{"line":16,"column":4},"end":{"line":18,"column":7}},"6":{"start":{"line":17,"column":6},"end":{"line":17,"column":52}},"7":{"start":{"line":8,"column":0},"end":{"line":8,"column":13}}},"fnMap":{"0":{"name":"(anonymous_0)","decl":{"start":{"line":10,"column":2},"end":{"line":10,"column":21}},"loc":{"start":{"line":10,"column":46},"end":{"line":14,"column":3}}},"1":{"name":"(anonymous_1)","decl":{"start":{"line":15,"column":2},"end":{"line":15,"column":17}},"loc":{"start":{"line":15,"column":17},"end":{"line":19,"column":3}}},"2":{"name":"(anonymous_2)","decl":{"start":{"line":16,"column":27},"end":{"line":16,"column":28}},"loc":{"start":{"line":16,"column":35},"end":{"line":18,"column":5}}}},"branchMap":{},"s":{"0":1,"1":2,"2":2,"3":2,"4":2,"5":2,"6":4,"7":1},"f":{"0":2,"1":2,"2":4},"b":{}}
,"C:\\Users\\Nikola\\Desktop\\travel-api\\src\\middlewares\\error.ts": {"path":"C:\\Users\\Nikola\\Desktop\\travel-api\\src\\middlewares\\error.ts","statementMap":{"0":{"start":{"line":2,"column":0},"end":{"line":2,"column":52}},"1":{"start":{"line":4,"column":31},"end":{"line":16,"column":1}},"2":{"start":{"line":10,"column":2},"end":{"line":12,"column":null}},"3":{"start":{"line":11,"column":4},"end":{"line":11,"column":78}},"4":{"start":{"line":13,"column":2},"end":{"line":15,"column":5}},"5":{"start":{"line":4,"column":13},"end":{"line":4,"column":31}}},"fnMap":{"0":{"name":"(anonymous_0)","decl":{"start":{"line":4,"column":31},"end":{"line":4,"column":null}},"loc":{"start":{"line":9,"column":4},"end":{"line":16,"column":1}}}},"branchMap":{"0":{"loc":{"start":{"line":10,"column":2},"end":{"line":12,"column":null}},"type":"if","locations":[{"start":{"line":10,"column":2},"end":{"line":12,"column":null}}]}},"s":{"0":1,"1":1,"2":6,"3":6,"4":0,"5":1},"f":{"0":6},"b":{"0":[6]}}
,"C:\\Users\\Nikola\\Desktop\\travel-api\\src\\middlewares\\validateRequest.ts": {"path":"C:\\Users\\Nikola\\Desktop\\travel-api\\src\\middlewares\\validateRequest.ts","statementMap":{"0":{"start":{"line":2,"column":0},"end":{"line":2,"column":53}},"1":{"start":{"line":3,"column":0},"end":{"line":3,"column":74}},"2":{"start":{"line":5,"column":31},"end":{"line":15,"column":1}},"3":{"start":{"line":10,"column":17},"end":{"line":10,"column":38}},"4":{"start":{"line":11,"column":2},"end":{"line":13,"column":null}},"5":{"start":{"line":12,"column":4},"end":{"line":12,"column":60}},"6":{"start":{"line":14,"column":2},"end":{"line":14,"column":9}},"7":{"start":{"line":5,"column":13},"end":{"line":5,"column":31}}},"fnMap":{"0":{"name":"(anonymous_0)","decl":{"start":{"line":5,"column":31},"end":{"line":5,"column":null}},"loc":{"start":{"line":9,"column":4},"end":{"line":15,"column":1}}}},"branchMap":{"0":{"loc":{"start":{"line":11,"column":2},"end":{"line":13,"column":null}},"type":"if","locations":[{"start":{"line":11,"column":2},"end":{"line":13,"column":null}}]}},"s":{"0":1,"1":1,"2":1,"3":16,"4":16,"5":2,"6":14,"7":1},"f":{"0":16},"b":{"0":[2]}}
,"C:\\Users\\Nikola\\Desktop\\travel-api\\src\\models\\user.ts": {"path":"C:\\Users\\Nikola\\Desktop\\travel-api\\src\\models\\user.ts","statementMap":{"0":{"start":{"line":1,"column":0},"end":{"line":1,"column":32}},"1":{"start":{"line":2,"column":0},"end":{"line":2,"column":48}},"2":{"start":{"line":22,"column":19},"end":{"line":52,"column":null}},"3":{"start":{"line":45,"column":8},"end":{"line":45,"column":25}},"4":{"start":{"line":46,"column":8},"end":{"line":46,"column":23}},"5":{"start":{"line":47,"column":8},"end":{"line":47,"column":28}},"6":{"start":{"line":48,"column":8},"end":{"line":48,"column":35}},"7":{"start":{"line":49,"column":8},"end":{"line":49,"column":23}},"8":{"start":{"line":55,"column":0},"end":{"line":62,"column":3}},"9":{"start":{"line":56,"column":2},"end":{"line":60,"column":null}},"10":{"start":{"line":57,"column":19},"end":{"line":57,"column":60}},"11":{"start":{"line":58,"column":4},"end":{"line":58,"column":33}},"12":{"start":{"line":59,"column":4},"end":{"line":59,"column":43}},"13":{"start":{"line":61,"column":2},"end":{"line":61,"column":9}},"14":{"start":{"line":64,"column":0},"end":{"line":66,"column":2}},"15":{"start":{"line":65,"column":2},"end":{"line":65,"column":25}},"16":{"start":{"line":68,"column":13},"end":{"line":68,"column":67}},"17":{"start":{"line":70,"column":9},"end":{"line":70,"column":13}}},"fnMap":{"0":{"name":"(anonymous_8)","decl":{"start":{"line":44,"column":6},"end":{"line":44,"column":15}},"loc":{"start":{"line":44,"column":24},"end":{"line":50,"column":7}}},"1":{"name":"(anonymous_9)","decl":{"start":{"line":55,"column":23},"end":{"line":55,"column":39}},"loc":{"start":{"line":55,"column":43},"end":{"line":62,"column":2}}},"2":{"name":"(anonymous_11)","decl":{"start":{"line":64,"column":27},"end":{"line":64,"column":28}},"loc":{"start":{"line":64,"column":48},"end":{"line":66,"column":1}}}},"branchMap":{"0":{"loc":{"start":{"line":56,"column":2},"end":{"line":60,"column":null}},"type":"if","locations":[{"start":{"line":56,"column":2},"end":{"line":60,"column":null}}]}},"s":{"0":1,"1":1,"2":1,"3":10,"4":10,"5":10,"6":10,"7":10,"8":1,"9":8,"10":8,"11":8,"12":8,"13":8,"14":1,"15":8,"16":1,"17":1},"f":{"0":10,"1":8,"2":8},"b":{"0":[8]}}
,"C:\\Users\\Nikola\\Desktop\\travel-api\\src\\routes\\auth.ts": {"path":"C:\\Users\\Nikola\\Desktop\\travel-api\\src\\routes\\auth.ts","statementMap":{"0":{"start":{"line":1,"column":0},"end":{"line":1,"column":30}},"1":{"start":{"line":2,"column":0},"end":{"line":2,"column":75}},"2":{"start":{"line":3,"column":0},"end":{"line":3,"column":41}},"3":{"start":{"line":4,"column":0},"end":{"line":4,"column":65}},"4":{"start":{"line":6,"column":15},"end":{"line":6,"column":31}},"5":{"start":{"line":8,"column":0},"end":{"line":13,"column":2}},"6":{"start":{"line":15,"column":0},"end":{"line":30,"column":4}},"7":{"start":{"line":32,"column":0},"end":{"line":32,"column":37}},"8":{"start":{"line":34,"column":0},"end":{"line":34,"column":46}},"9":{"start":{"line":36,"column":0},"end":{"line":36,"column":22}}},"fnMap":{},"branchMap":{},"s":{"0":1,"1":1,"2":1,"3":1,"4":1,"5":1,"6":1,"7":1,"8":1,"9":1},"f":{},"b":{}}
,"C:\\Users\\Nikola\\Desktop\\travel-api\\src\\services\\Password.ts": {"path":"C:\\Users\\Nikola\\Desktop\\travel-api\\src\\services\\Password.ts","statementMap":{"0":{"start":{"line":1,"column":0},"end":{"line":1,"column":28}},"1":{"start":{"line":5,"column":4},"end":{"line":5,"column":43}},"2":{"start":{"line":8,"column":4},"end":{"line":8,"column":66}},"3":{"start":{"line":3,"column":0},"end":{"line":3,"column":13}}},"fnMap":{"0":{"name":"(anonymous_8)","decl":{"start":{"line":4,"column":2},"end":{"line":4,"column":8}},"loc":{"start":{"line":4,"column":36},"end":{"line":6,"column":null}}},"1":{"name":"(anonymous_10)","decl":{"start":{"line":7,"column":2},"end":{"line":7,"column":8}},"loc":{"start":{"line":7,"column":71},"end":{"line":9,"column":null}}}},"branchMap":{},"s":{"0":1,"1":8,"2":3,"3":1},"f":{"0":8,"1":3},"b":{}}
}
