{"C:\\Users\\Nikola\\Desktop\\travel-api\\src\\app.ts": {"path":"C:\\Users\\Nikola\\Desktop\\travel-api\\src\\app.ts","statementMap":{"0":{"start":{"line":1,"column":0},"end":{"line":1,"column":30}},"1":{"start":{"line":2,"column":0},"end":{"line":2,"column":39}},"2":{"start":{"line":3,"column":0},"end":{"line":3,"column":54}},"3":{"start":{"line":4,"column":0},"end":{"line":4,"column":43}},"4":{"start":{"line":6,"column":12},"end":{"line":6,"column":21}},"5":{"start":{"line":20,"column":9},"end":{"line":20,"column":12}},"6":{"start":{"line":7,"column":0},"end":{"line":7,"column":24}},"7":{"start":{"line":9,"column":0},"end":{"line":14,"column":2}},"8":{"start":{"line":16,"column":0},"end":{"line":16,"column":36}},"9":{"start":{"line":18,"column":0},"end":{"line":18,"column":25}}},"fnMap":{},"branchMap":{},"s":{"0":1,"1":1,"2":1,"3":1,"4":1,"5":1,"6":1,"7":1,"8":1,"9":1},"f":{},"b":{}}
,"C:\\Users\\Nikola\\Desktop\\travel-api\\src\\controllers\\auth.ts": {"path":"C:\\Users\\Nikola\\Desktop\\travel-api\\src\\controllers\\auth.ts","statementMap":{"0":{"start":{"line":2,"column":0},"end":{"line":2,"column":68}},"1":{"start":{"line":3,"column":0},"end":{"line":3,"column":38}},"2":{"start":{"line":4,"column":0},"end":{"line":4,"column":31}},"3":{"start":{"line":6,"column":21},"end":{"line":8,"column":2}},"4":{"start":{"line":6,"column":59},"end":{"line":8,"column":2}},"5":{"start":{"line":7,"column":2},"end":{"line":7,"column":20}},"6":{"start":{"line":6,"column":13},"end":{"line":6,"column":21}},"7":{"start":{"line":10,"column":24},"end":{"line":42,"column":2}},"8":{"start":{"line":14,"column":4},"end":{"line":42,"column":2}},"9":{"start":{"line":15,"column":2},"end":{"line":41,"column":null}},"10":{"start":{"line":16,"column":55},"end":{"line":16,"column":63}},"11":{"start":{"line":17,"column":25},"end":{"line":17,"column":54}},"12":{"start":{"line":18,"column":4},"end":{"line":20,"column":null}},"13":{"start":{"line":19,"column":6},"end":{"line":19,"column":52}},"14":{"start":{"line":21,"column":4},"end":{"line":23,"column":null}},"15":{"start":{"line":22,"column":6},"end":{"line":22,"column":60}},"16":{"start":{"line":24,"column":17},"end":{"line":24,"column":71}},"17":{"start":{"line":25,"column":4},"end":{"line":25,"column":22}},"18":{"start":{"line":27,"column":20},"end":{"line":32,"column":null}},"19":{"start":{"line":34,"column":4},"end":{"line":36,"column":6}},"20":{"start":{"line":38,"column":4},"end":{"line":38,"column":31}},"21":{"start":{"line":40,"column":4},"end":{"line":40,"column":16}},"22":{"start":{"line":10,"column":13},"end":{"line":10,"column":24}},"23":{"start":{"line":44,"column":22},"end":{"line":47,"column":2}},"24":{"start":{"line":44,"column":60},"end":{"line":47,"column":2}},"25":{"start":{"line":45,"column":2},"end":{"line":45,"column":21}},"26":{"start":{"line":46,"column":2},"end":{"line":46,"column":15}},"27":{"start":{"line":44,"column":13},"end":{"line":44,"column":22}},"28":{"start":{"line":49,"column":27},"end":{"line":55,"column":2}},"29":{"start":{"line":49,"column":65},"end":{"line":55,"column":2}},"30":{"start":{"line":50,"column":2},"end":{"line":54,"column":null}},"31":{"start":{"line":51,"column":4},"end":{"line":51,"column":28}},"32":{"start":{"line":53,"column":4},"end":{"line":53,"column":17}},"33":{"start":{"line":49,"column":13},"end":{"line":49,"column":27}}},"fnMap":{"0":{"name":"(anonymous_8)","decl":{"start":{"line":6,"column":21},"end":{"line":6,"column":28}},"loc":{"start":{"line":6,"column":59},"end":{"line":8,"column":2}}},"1":{"name":"(anonymous_9)","decl":{"start":{"line":6,"column":59},"end":{"line":6,"column":null}},"loc":{"start":{"line":6,"column":59},"end":{"line":8,"column":1}}},"2":{"name":"(anonymous_10)","decl":{"start":{"line":10,"column":24},"end":{"line":10,"column":null}},"loc":{"start":{"line":14,"column":4},"end":{"line":42,"column":2}}},"3":{"name":"(anonymous_11)","decl":{"start":{"line":14,"column":4},"end":{"line":14,"column":null}},"loc":{"start":{"line":14,"column":4},"end":{"line":42,"column":1}}},"4":{"name":"(anonymous_12)","decl":{"start":{"line":44,"column":22},"end":{"line":44,"column":29}},"loc":{"start":{"line":44,"column":60},"end":{"line":47,"column":2}}},"5":{"name":"(anonymous_13)","decl":{"start":{"line":44,"column":60},"end":{"line":44,"column":null}},"loc":{"start":{"line":44,"column":60},"end":{"line":47,"column":1}}},"6":{"name":"(anonymous_14)","decl":{"start":{"line":49,"column":27},"end":{"line":49,"column":34}},"loc":{"start":{"line":49,"column":65},"end":{"line":55,"column":2}}},"7":{"name":"(anonymous_15)","decl":{"start":{"line":49,"column":65},"end":{"line":49,"column":null}},"loc":{"start":{"line":49,"column":65},"end":{"line":55,"column":1}}}},"branchMap":{"0":{"loc":{"start":{"line":18,"column":4},"end":{"line":20,"column":null}},"type":"if","locations":[{"start":{"line":18,"column":4},"end":{"line":20,"column":null}}]},"1":{"loc":{"start":{"line":21,"column":4},"end":{"line":23,"column":null}},"type":"if","locations":[{"start":{"line":21,"column":4},"end":{"line":23,"column":null}}]},"2":{"loc":{"start":{"line":50,"column":2},"end":{"line":54,"column":null}},"type":"if","locations":[{"start":{"line":50,"column":2},"end":{"line":54,"column":null}},{"start":{"line":52,"column":9},"end":{"line":54,"column":null}}]},"3":{"loc":{"start":{"line":50,"column":6},"end":{"line":50,"column":22}},"type":"cond-expr","locations":[{"start":{"line":50,"column":17},"end":{"line":50,"column":19}},{"start":{"line":50,"column":17},"end":{"line":50,"column":22}}]},"4":{"loc":{"start":{"line":50,"column":6},"end":{"line":50,"column":19}},"type":"binary-expr","locations":[{"start":{"line":50,"column":6},"end":{"line":50,"column":19}},{"start":{"line":50,"column":17},"end":{"line":50,"column":19}}]}},"s":{"0":1,"1":1,"2":1,"3":1,"4":0,"5":0,"6":1,"7":1,"8":7,"9":7,"10":7,"11":7,"12":7,"13":1,"14":6,"15":1,"16":5,"17":5,"18":5,"19":5,"20":5,"21":2,"22":1,"23":1,"24":0,"25":0,"26":0,"27":1,"28":1,"29":0,"30":0,"31":0,"32":0,"33":1},"f":{"0":0,"1":0,"2":7,"3":7,"4":0,"5":0,"6":0,"7":0},"b":{"0":[1],"1":[1],"2":[0,0],"3":[0,0],"4":[0,0]}}
,"C:\\Users\\Nikola\\Desktop\\travel-api\\src\\errors\\AuthenticationError.ts": {"path":"C:\\Users\\Nikola\\Desktop\\travel-api\\src\\errors\\AuthenticationError.ts","statementMap":{"0":{"start":{"line":1,"column":0},"end":{"line":1,"column":44}},"1":{"start":{"line":6,"column":4},"end":{"line":6,"column":15}},"2":{"start":{"line":4,"column":2},"end":{"line":4,"column":19}},"3":{"start":{"line":7,"column":4},"end":{"line":7,"column":63}},"4":{"start":{"line":10,"column":4},"end":{"line":10,"column":39}},"5":{"start":{"line":3,"column":0},"end":{"line":3,"column":13}}},"fnMap":{"0":{"name":"(anonymous_0)","decl":{"start":{"line":5,"column":2},"end":{"line":5,"column":14}},"loc":{"start":{"line":5,"column":25},"end":{"line":8,"column":3}}},"1":{"name":"(anonymous_1)","decl":{"start":{"line":9,"column":2},"end":{"line":9,"column":17}},"loc":{"start":{"line":9,"column":17},"end":{"line":11,"column":3}}}},"branchMap":{},"s":{"0":1,"1":2,"2":2,"3":2,"4":2,"5":1},"f":{"0":2,"1":2},"b":{}}
,"C:\\Users\\Nikola\\Desktop\\travel-api\\src\\errors\\CustomError.ts": {"path":"C:\\Users\\Nikola\\Desktop\\travel-api\\src\\errors\\CustomError.ts","statementMap":{"0":{"start":{"line":5,"column":4},"end":{"line":5,"column":19}},"1":{"start":{"line":7,"column":4},"end":{"line":7,"column":55}},"2":{"start":{"line":1,"column":0},"end":{"line":1,"column":22}}},"fnMap":{"0":{"name":"(anonymous_0)","decl":{"start":{"line":4,"column":2},"end":{"line":4,"column":14}},"loc":{"start":{"line":4,"column":29},"end":{"line":8,"column":3}}}},"branchMap":{},"s":{"0":3,"1":3,"2":1},"f":{"0":3},"b":{}}
,"C:\\Users\\Nikola\\Desktop\\travel-api\\src\\errors\\RequestValidationError.ts": {"path":"C:\\Users\\Nikola\\Desktop\\travel-api\\src\\errors\\RequestValidationError.ts","statementMap":{"0":{"start":{"line":1,"column":0},"end":{"line":1,"column":44}},"1":{"start":{"line":11,"column":4},"end":{"line":11,"column":40}},"2":{"start":{"line":10,"column":21},"end":{"line":10,"column":46}},"3":{"start":{"line":9,"column":2},"end":{"line":9,"column":19}},"4":{"start":{"line":13,"column":4},"end":{"line":13,"column":66}},"5":{"start":{"line":16,"column":4},"end":{"line":18,"column":7}},"6":{"start":{"line":17,"column":6},"end":{"line":17,"column":52}},"7":{"start":{"line":8,"column":0},"end":{"line":8,"column":13}}},"fnMap":{"0":{"name":"(anonymous_0)","decl":{"start":{"line":10,"column":2},"end":{"line":10,"column":21}},"loc":{"start":{"line":10,"column":46},"end":{"line":14,"column":3}}},"1":{"name":"(anonymous_1)","decl":{"start":{"line":15,"column":2},"end":{"line":15,"column":17}},"loc":{"start":{"line":15,"column":17},"end":{"line":19,"column":3}}},"2":{"name":"(anonymous_2)","decl":{"start":{"line":16,"column":27},"end":{"line":16,"column":28}},"loc":{"start":{"line":16,"column":35},"end":{"line":18,"column":5}}}},"branchMap":{},"s":{"0":1,"1":1,"2":1,"3":1,"4":1,"5":1,"6":3,"7":1},"f":{"0":1,"1":1,"2":3},"b":{}}
,"C:\\Users\\Nikola\\Desktop\\travel-api\\src\\middlewares\\error.ts": {"path":"C:\\Users\\Nikola\\Desktop\\travel-api\\src\\middlewares\\error.ts","statementMap":{"0":{"start":{"line":2,"column":0},"end":{"line":2,"column":52}},"1":{"start":{"line":4,"column":31},"end":{"line":16,"column":1}},"2":{"start":{"line":10,"column":2},"end":{"line":12,"column":null}},"3":{"start":{"line":11,"column":4},"end":{"line":11,"column":78}},"4":{"start":{"line":13,"column":2},"end":{"line":15,"column":5}},"5":{"start":{"line":4,"column":13},"end":{"line":4,"column":31}}},"fnMap":{"0":{"name":"(anonymous_0)","decl":{"start":{"line":4,"column":31},"end":{"line":4,"column":null}},"loc":{"start":{"line":9,"column":4},"end":{"line":16,"column":1}}}},"branchMap":{"0":{"loc":{"start":{"line":10,"column":2},"end":{"line":12,"column":null}},"type":"if","locations":[{"start":{"line":10,"column":2},"end":{"line":12,"column":null}}]}},"s":{"0":1,"1":1,"2":3,"3":3,"4":0,"5":1},"f":{"0":3},"b":{"0":[3]}}
,"C:\\Users\\Nikola\\Desktop\\travel-api\\src\\middlewares\\validateRequest.ts": {"path":"C:\\Users\\Nikola\\Desktop\\travel-api\\src\\middlewares\\validateRequest.ts","statementMap":{"0":{"start":{"line":2,"column":0},"end":{"line":2,"column":53}},"1":{"start":{"line":3,"column":0},"end":{"line":3,"column":74}},"2":{"start":{"line":5,"column":31},"end":{"line":15,"column":1}},"3":{"start":{"line":10,"column":17},"end":{"line":10,"column":38}},"4":{"start":{"line":11,"column":2},"end":{"line":13,"column":null}},"5":{"start":{"line":12,"column":4},"end":{"line":12,"column":60}},"6":{"start":{"line":14,"column":2},"end":{"line":14,"column":9}},"7":{"start":{"line":5,"column":13},"end":{"line":5,"column":31}}},"fnMap":{"0":{"name":"(anonymous_0)","decl":{"start":{"line":5,"column":31},"end":{"line":5,"column":null}},"loc":{"start":{"line":9,"column":4},"end":{"line":15,"column":1}}}},"branchMap":{"0":{"loc":{"start":{"line":11,"column":2},"end":{"line":13,"column":null}},"type":"if","locations":[{"start":{"line":11,"column":2},"end":{"line":13,"column":null}}]}},"s":{"0":1,"1":1,"2":1,"3":8,"4":8,"5":1,"6":7,"7":1},"f":{"0":8},"b":{"0":[1]}}
,"C:\\Users\\Nikola\\Desktop\\travel-api\\src\\models\\user.ts": {"path":"C:\\Users\\Nikola\\Desktop\\travel-api\\src\\models\\user.ts","statementMap":{"0":{"start":{"line":1,"column":0},"end":{"line":1,"column":32}},"1":{"start":{"line":2,"column":0},"end":{"line":2,"column":48}},"2":{"start":{"line":22,"column":19},"end":{"line":52,"column":null}},"3":{"start":{"line":45,"column":8},"end":{"line":45,"column":25}},"4":{"start":{"line":46,"column":8},"end":{"line":46,"column":23}},"5":{"start":{"line":47,"column":8},"end":{"line":47,"column":28}},"6":{"start":{"line":48,"column":8},"end":{"line":48,"column":35}},"7":{"start":{"line":49,"column":8},"end":{"line":49,"column":23}},"8":{"start":{"line":55,"column":0},"end":{"line":62,"column":3}},"9":{"start":{"line":56,"column":2},"end":{"line":60,"column":null}},"10":{"start":{"line":57,"column":19},"end":{"line":57,"column":60}},"11":{"start":{"line":58,"column":4},"end":{"line":58,"column":33}},"12":{"start":{"line":59,"column":4},"end":{"line":59,"column":43}},"13":{"start":{"line":61,"column":2},"end":{"line":61,"column":9}},"14":{"start":{"line":64,"column":0},"end":{"line":66,"column":2}},"15":{"start":{"line":65,"column":2},"end":{"line":65,"column":25}},"16":{"start":{"line":68,"column":13},"end":{"line":68,"column":67}},"17":{"start":{"line":70,"column":9},"end":{"line":70,"column":13}}},"fnMap":{"0":{"name":"(anonymous_8)","decl":{"start":{"line":44,"column":6},"end":{"line":44,"column":15}},"loc":{"start":{"line":44,"column":24},"end":{"line":50,"column":7}}},"1":{"name":"(anonymous_9)","decl":{"start":{"line":55,"column":23},"end":{"line":55,"column":39}},"loc":{"start":{"line":55,"column":43},"end":{"line":62,"column":2}}},"2":{"name":"(anonymous_11)","decl":{"start":{"line":64,"column":27},"end":{"line":64,"column":28}},"loc":{"start":{"line":64,"column":48},"end":{"line":66,"column":1}}}},"branchMap":{"0":{"loc":{"start":{"line":56,"column":2},"end":{"line":60,"column":null}},"type":"if","locations":[{"start":{"line":56,"column":2},"end":{"line":60,"column":null}}]}},"s":{"0":1,"1":1,"2":1,"3":5,"4":5,"5":5,"6":5,"7":5,"8":1,"9":5,"10":5,"11":5,"12":5,"13":5,"14":1,"15":5,"16":1,"17":1},"f":{"0":5,"1":5,"2":5},"b":{"0":[5]}}
,"C:\\Users\\Nikola\\Desktop\\travel-api\\src\\routes\\auth.ts": {"path":"C:\\Users\\Nikola\\Desktop\\travel-api\\src\\routes\\auth.ts","statementMap":{"0":{"start":{"line":1,"column":0},"end":{"line":1,"column":30}},"1":{"start":{"line":2,"column":0},"end":{"line":2,"column":75}},"2":{"start":{"line":3,"column":0},"end":{"line":3,"column":41}},"3":{"start":{"line":4,"column":0},"end":{"line":4,"column":65}},"4":{"start":{"line":6,"column":15},"end":{"line":6,"column":31}},"5":{"start":{"line":8,"column":0},"end":{"line":8,"column":35}},"6":{"start":{"line":10,"column":0},"end":{"line":25,"column":4}},"7":{"start":{"line":27,"column":0},"end":{"line":27,"column":37}},"8":{"start":{"line":29,"column":0},"end":{"line":29,"column":46}},"9":{"start":{"line":31,"column":0},"end":{"line":31,"column":22}}},"fnMap":{},"branchMap":{},"s":{"0":1,"1":1,"2":1,"3":1,"4":1,"5":1,"6":1,"7":1,"8":1,"9":1},"f":{},"b":{}}
,"C:\\Users\\Nikola\\Desktop\\travel-api\\src\\services\\Password.ts": {"path":"C:\\Users\\Nikola\\Desktop\\travel-api\\src\\services\\Password.ts","statementMap":{"0":{"start":{"line":1,"column":0},"end":{"line":1,"column":28}},"1":{"start":{"line":5,"column":4},"end":{"line":5,"column":43}},"2":{"start":{"line":8,"column":4},"end":{"line":8,"column":66}},"3":{"start":{"line":3,"column":0},"end":{"line":3,"column":13}}},"fnMap":{"0":{"name":"(anonymous_8)","decl":{"start":{"line":4,"column":2},"end":{"line":4,"column":8}},"loc":{"start":{"line":4,"column":36},"end":{"line":6,"column":null}}},"1":{"name":"(anonymous_10)","decl":{"start":{"line":7,"column":2},"end":{"line":7,"column":8}},"loc":{"start":{"line":7,"column":71},"end":{"line":9,"column":null}}}},"branchMap":{},"s":{"0":1,"1":5,"2":0,"3":1},"f":{"0":5,"1":0},"b":{}}
}
