TN:
SF:src\app.ts
FNF:0
FNH:0
DA:1,1
DA:2,1
DA:3,1
DA:4,1
DA:6,1
DA:7,1
DA:9,1
DA:16,1
DA:18,1
DA:20,1
LF:10
LH:10
BRF:0
BRH:0
end_of_record
TN:
SF:src\controllers\auth.ts
FN:7,(anonymous_8)
FN:11,(anonymous_9)
FN:40,(anonymous_10)
FN:44,(anonymous_11)
FN:74,(anonymous_12)
FN:74,(anonymous_13)
FN:79,(anonymous_14)
FN:79,(anonymous_15)
FNF:8
FNH:4
FNDA:4,(anonymous_8)
FNDA:4,(anonymous_9)
FNDA:10,(anonymous_10)
FNDA:10,(anonymous_11)
FNDA:0,(anonymous_12)
FNDA:0,(anonymous_13)
FNDA:0,(anonymous_14)
FNDA:0,(anonymous_15)
DA:2,1
DA:3,1
DA:4,1
DA:5,1
DA:7,1
DA:11,4
DA:12,4
DA:13,4
DA:14,4
DA:15,4
DA:19,2
DA:22,2
DA:30,2
DA:34,2
DA:36,2
DA:40,1
DA:44,10
DA:45,10
DA:46,10
DA:47,10
DA:48,10
DA:49,1
DA:51,9
DA:52,1
DA:54,8
DA:55,8
DA:57,8
DA:64,8
DA:68,8
DA:70,2
DA:74,1
DA:75,0
DA:76,0
DA:79,1
DA:80,0
DA:81,0
DA:83,0
LF:37
LH:32
BRDA:15,0,0,2
BRDA:16,1,0,4
BRDA:16,1,1,3
BRDA:48,2,0,1
BRDA:51,3,0,1
BRDA:80,4,0,0
BRDA:80,4,1,0
BRDA:80,5,0,0
BRDA:80,5,1,0
BRDA:80,6,0,0
BRDA:80,6,1,0
BRF:11
BRH:5
end_of_record
TN:
SF:src\errors\AuthenticationError.ts
FN:5,(anonymous_0)
FN:9,(anonymous_1)
FNF:2
FNH:2
FNDA:4,(anonymous_0)
FNDA:4,(anonymous_1)
DA:1,1
DA:3,1
DA:4,4
DA:6,4
DA:7,4
DA:10,4
LF:6
LH:6
BRF:0
BRH:0
end_of_record
TN:
SF:src\errors\CustomError.ts
FN:4,(anonymous_0)
FNF:1
FNH:1
FNDA:6,(anonymous_0)
DA:1,1
DA:5,6
DA:7,6
LF:3
LH:3
BRF:0
BRH:0
end_of_record
TN:
SF:src\errors\RequestValidationError.ts
FN:10,(anonymous_0)
FN:15,(anonymous_1)
FN:16,(anonymous_2)
FNF:3
FNH:3
FNDA:2,(anonymous_0)
FNDA:2,(anonymous_1)
FNDA:4,(anonymous_2)
DA:1,1
DA:8,1
DA:9,2
DA:10,2
DA:11,2
DA:13,2
DA:16,2
DA:17,4
LF:8
LH:8
BRF:0
BRH:0
end_of_record
TN:
SF:src\middlewares\error.ts
FN:4,(anonymous_0)
FNF:1
FNH:1
FNDA:6,(anonymous_0)
DA:2,1
DA:4,1
DA:10,6
DA:11,6
DA:13,0
LF:5
LH:4
BRDA:10,0,0,6
BRF:1
BRH:1
end_of_record
TN:
SF:src\middlewares\validateRequest.ts
FN:5,(anonymous_0)
FNF:1
FNH:1
FNDA:16,(anonymous_0)
DA:2,1
DA:3,1
DA:5,1
DA:10,16
DA:11,16
DA:12,2
DA:14,14
LF:7
LH:7
BRDA:11,0,0,2
BRF:1
BRH:1
end_of_record
TN:
SF:src\models\user.ts
FN:44,(anonymous_8)
FN:55,(anonymous_9)
FN:64,(anonymous_11)
FNF:3
FNH:3
FNDA:10,(anonymous_8)
FNDA:8,(anonymous_9)
FNDA:8,(anonymous_11)
DA:1,1
DA:2,1
DA:22,1
DA:45,10
DA:46,10
DA:47,10
DA:48,10
DA:49,10
DA:55,1
DA:56,8
DA:57,8
DA:58,8
DA:59,8
DA:61,8
DA:64,1
DA:65,8
DA:68,1
DA:70,1
LF:18
LH:18
BRDA:56,0,0,8
BRF:1
BRH:1
end_of_record
TN:
SF:src\routes\auth.ts
FNF:0
FNH:0
DA:1,1
DA:2,1
DA:3,1
DA:4,1
DA:6,1
DA:8,1
DA:15,1
DA:32,1
DA:34,1
DA:36,1
LF:10
LH:10
BRF:0
BRH:0
end_of_record
TN:
SF:src\services\Password.ts
FN:4,(anonymous_8)
FN:7,(anonymous_10)
FNF:2
FNH:2
FNDA:8,(anonymous_8)
FNDA:3,(anonymous_10)
DA:1,1
DA:3,1
DA:5,8
DA:8,3
LF:4
LH:4
BRF:0
BRH:0
end_of_record
