TN:
SF:src\app.ts
FNF:0
FNH:0
DA:1,1
DA:2,1
DA:3,1
DA:4,1
DA:6,1
DA:7,1
DA:9,1
DA:16,1
DA:18,1
DA:20,1
LF:10
LH:10
BRF:0
BRH:0
end_of_record
TN:
SF:src\controllers\auth.ts
FN:6,(anonymous_8)
FN:6,(anonymous_9)
FN:10,(anonymous_10)
FN:14,(anonymous_11)
FN:44,(anonymous_12)
FN:44,(anonymous_13)
FN:49,(anonymous_14)
FN:49,(anonymous_15)
FNF:8
FNH:2
FNDA:0,(anonymous_8)
FNDA:0,(anonymous_9)
FNDA:7,(anonymous_10)
FNDA:7,(anonymous_11)
FNDA:0,(anonymous_12)
FNDA:0,(anonymous_13)
FNDA:0,(anonymous_14)
FNDA:0,(anonymous_15)
DA:2,1
DA:3,1
DA:4,1
DA:6,1
DA:7,0
DA:10,1
DA:14,7
DA:15,7
DA:16,7
DA:17,7
DA:18,7
DA:19,1
DA:21,6
DA:22,1
DA:24,5
DA:25,5
DA:27,5
DA:34,5
DA:38,5
DA:40,2
DA:44,1
DA:45,0
DA:46,0
DA:49,1
DA:50,0
DA:51,0
DA:53,0
LF:27
LH:21
BRDA:18,0,0,1
BRDA:21,1,0,1
BRDA:50,2,0,0
BRDA:50,2,1,0
BRDA:50,3,0,0
BRDA:50,3,1,0
BRDA:50,4,0,0
BRDA:50,4,1,0
BRF:8
BRH:2
end_of_record
TN:
SF:src\errors\AuthenticationError.ts
FN:5,(anonymous_0)
FN:9,(anonymous_1)
FNF:2
FNH:2
FNDA:2,(anonymous_0)
FNDA:2,(anonymous_1)
DA:1,1
DA:3,1
DA:4,2
DA:6,2
DA:7,2
DA:10,2
LF:6
LH:6
BRF:0
BRH:0
end_of_record
TN:
SF:src\errors\CustomError.ts
FN:4,(anonymous_0)
FNF:1
FNH:1
FNDA:3,(anonymous_0)
DA:1,1
DA:5,3
DA:7,3
LF:3
LH:3
BRF:0
BRH:0
end_of_record
TN:
SF:src\errors\RequestValidationError.ts
FN:10,(anonymous_0)
FN:15,(anonymous_1)
FN:16,(anonymous_2)
FNF:3
FNH:3
FNDA:1,(anonymous_0)
FNDA:1,(anonymous_1)
FNDA:3,(anonymous_2)
DA:1,1
DA:8,1
DA:9,1
DA:10,1
DA:11,1
DA:13,1
DA:16,1
DA:17,3
LF:8
LH:8
BRF:0
BRH:0
end_of_record
TN:
SF:src\middlewares\error.ts
FN:4,(anonymous_0)
FNF:1
FNH:1
FNDA:3,(anonymous_0)
DA:2,1
DA:4,1
DA:10,3
DA:11,3
DA:13,0
LF:5
LH:4
BRDA:10,0,0,3
BRF:1
BRH:1
end_of_record
TN:
SF:src\middlewares\validateRequest.ts
FN:5,(anonymous_0)
FNF:1
FNH:1
FNDA:8,(anonymous_0)
DA:2,1
DA:3,1
DA:5,1
DA:10,8
DA:11,8
DA:12,1
DA:14,7
LF:7
LH:7
BRDA:11,0,0,1
BRF:1
BRH:1
end_of_record
TN:
SF:src\models\user.ts
FN:44,(anonymous_8)
FN:55,(anonymous_9)
FN:64,(anonymous_11)
FNF:3
FNH:3
FNDA:5,(anonymous_8)
FNDA:5,(anonymous_9)
FNDA:5,(anonymous_11)
DA:1,1
DA:2,1
DA:22,1
DA:45,5
DA:46,5
DA:47,5
DA:48,5
DA:49,5
DA:55,1
DA:56,5
DA:57,5
DA:58,5
DA:59,5
DA:61,5
DA:64,1
DA:65,5
DA:68,1
DA:70,1
LF:18
LH:18
BRDA:56,0,0,5
BRF:1
BRH:1
end_of_record
TN:
SF:src\routes\auth.ts
FNF:0
FNH:0
DA:1,1
DA:2,1
DA:3,1
DA:4,1
DA:6,1
DA:8,1
DA:10,1
DA:27,1
DA:29,1
DA:31,1
LF:10
LH:10
BRF:0
BRH:0
end_of_record
TN:
SF:src\services\Password.ts
FN:4,(anonymous_8)
FN:7,(anonymous_10)
FNF:2
FNH:1
FNDA:5,(anonymous_8)
FNDA:0,(anonymous_10)
DA:1,1
DA:3,1
DA:5,5
DA:8,0
LF:4
LH:3
BRF:0
BRH:0
end_of_record
